[40473:40473:0128/231601.436664:ERROR:sandbox_linux.cc(376)] InitializeSandbox() called with multiple threads in process gpu-process.
[40432:40485:0128/231603.809262:ERROR:chrome_browser_main_extra_parts_metrics.cc(226)] crbug.com/1216328: Checking Bluetooth availability started. Please report if there is no report that this ends.
[40432:40485:0128/231603.809498:ERROR:chrome_browser_main_extra_parts_metrics.cc(229)] crbug.com/1216328: Checking Bluetooth availability ended.
[40432:40485:0128/231603.810638:ERROR:chrome_browser_main_extra_parts_metrics.cc(232)] crbug.com/1216328: Checking default browser status started. Please report if there is no report that this ends.
[40432:40485:0128/231604.434144:ERROR:chrome_browser_main_extra_parts_metrics.cc(236)] crbug.com/1216328: Checking default browser status ended.
[40432:40432:0128/231607.246467:INFO:CONSOLE(2)] "Unmuting failed and the element was paused instead because the user didn't interact with the document before. https://goo.gl/xX8pDD", source: https://lf16-tiktok-web.ttwstatic.com/obj/tiktok-web-us/tiktok/webapp/main/webapp-main/npm-b3a903c8.6626dc8bad5868090f62.js (2)
[40432:40432:0128/231607.595587:INFO:CONSOLE(0)] "Uncaught (in promise) AbortError: The play() request was interrupted by a call to pause(). https://goo.gl/LdLk22", source: https://www.tiktok.com/foryou?lang=en (0)
[40510:15:0128/231610.869898:WARNING:used_ids.h(55)] Duplicate id found. Reassigning from 104 to 127
[40510:15:0128/231610.870372:WARNING:used_ids.h(55)] Duplicate id found. Reassigning from 106 to 125
[40510:15:0128/231610.870651:WARNING:used_ids.h(55)] Duplicate id found. Reassigning from 112 to 124
[40510:15:0128/231610.870803:WARNING:used_ids.h(55)] Duplicate id found. Reassigning from 102 to 123
[40510:15:0128/231610.871021:WARNING:used_ids.h(55)] Duplicate id found. Reassigning from 103 to 122
[40510:15:0128/231610.871183:WARNING:used_ids.h(55)] Duplicate id found. Reassigning from 105 to 121
[40510:15:0128/231610.871400:WARNING:media_session.cc(966)] RED codec red is missing an associated payload type.
[40510:15:0128/231610.871544:WARNING:used_ids.h(55)] Duplicate id found. Reassigning from 110 to 120
[40510:15:0128/231610.871700:WARNING:used_ids.h(55)] Duplicate id found. Reassigning from 111 to 119
[40432:40432:0128/231628.570552:INFO:CONSOLE(0)] "Uncaught (in promise) AbortError: The play() request was interrupted by a call to pause(). https://goo.gl/LdLk22", source: https://www.tiktok.com/foryou?is_copy_url=1&is_from_webapp=v1&lang=en (0)
[40432:40432:0128/231633.239435:INFO:CONSOLE(0)] "Uncaught (in promise) AbortError: The play() request was interrupted by a call to pause(). https://goo.gl/LdLk22", source: https://www.tiktok.com/foryou?is_copy_url=1&is_from_webapp=v1&lang=en (0)
[40432:40432:0128/231634.153616:INFO:CONSOLE(0)] "Uncaught (in promise) AbortError: The play() request was interrupted by a call to pause(). https://goo.gl/LdLk22", source: https://www.tiktok.com/foryou?is_copy_url=1&is_from_webapp=v1&lang=en (0)
[40432:40432:0128/231634.756983:INFO:CONSOLE(0)] "Uncaught (in promise) AbortError: The play() request was interrupted by a call to pause(). https://goo.gl/LdLk22", source: https://www.tiktok.com/foryou?is_copy_url=1&is_from_webapp=v1&lang=en (0)
[40432:40432:0128/231636.498478:INFO:CONSOLE(0)] "Uncaught (in promise) AbortError: The play() request was interrupted by a call to pause(). https://goo.gl/LdLk22", source: https://www.tiktok.com/foryou?is_copy_url=1&is_from_webapp=v1&lang=en (0)
[40432:40432:0128/231642.176292:INFO:CONSOLE(0)] "Uncaught (in promise) AbortError: The play() request was interrupted by a call to pause(). https://goo.gl/LdLk22", source: https://www.tiktok.com/foryou?is_copy_url=1&is_from_webapp=v1&lang=en (0)
[40432:40432:0128/231642.702740:INFO:CONSOLE(0)] "Uncaught (in promise) AbortError: The play() request was interrupted by a call to pause(). https://goo.gl/LdLk22", source: https://www.tiktok.com/foryou?is_copy_url=1&is_from_webapp=v1&lang=en (0)
[40432:40432:0128/231643.947936:INFO:CONSOLE(0)] "Uncaught (in promise) AbortError: The play() request was interrupted by a call to pause(). https://goo.gl/LdLk22", source: https://www.tiktok.com/foryou?is_copy_url=1&is_from_webapp=v1&lang=en (0)
[40432:40432:0128/231644.687979:INFO:CONSOLE(0)] "Uncaught (in promise) AbortError: The play() request was interrupted by a call to pause(). https://goo.gl/LdLk22", source: https://www.tiktok.com/foryou?is_copy_url=1&is_from_webapp=v1&lang=en (0)
[40432:40432:0128/231646.496972:INFO:CONSOLE(0)] "Uncaught (in promise) AbortError: The play() request was interrupted by a call to pause(). https://goo.gl/LdLk22", source: https://www.tiktok.com/foryou?is_copy_url=1&is_from_webapp=v1&lang=en (0)
[40432:40432:0128/231647.393625:INFO:CONSOLE(0)] "Uncaught (in promise) AbortError: The play() request was interrupted by a call to pause(). https://goo.gl/LdLk22", source: https://www.tiktok.com/foryou?is_copy_url=1&is_from_webapp=v1&lang=en (0)
[40432:40432:0128/231648.276992:INFO:CONSOLE(0)] "Uncaught (in promise) AbortError: The play() request was interrupted by a call to pause(). https://goo.gl/LdLk22", source: https://www.tiktok.com/foryou?is_copy_url=1&is_from_webapp=v1&lang=en (0)
[40432:40432:0128/231651.355399:INFO:CONSOLE(0)] "Uncaught (in promise) AbortError: The play() request was interrupted by a call to pause(). https://goo.gl/LdLk22", source: https://www.tiktok.com/foryou?is_copy_url=1&is_from_webapp=v1&lang=en (0)
[40432:40432:0128/231653.044790:INFO:CONSOLE(0)] "Uncaught (in promise) AbortError: The play() request was interrupted by a call to pause(). https://goo.gl/LdLk22", source: https://www.tiktok.com/foryou?is_copy_url=1&is_from_webapp=v1&lang=en (0)
[40432:40432:0128/231654.922701:INFO:CONSOLE(0)] "Uncaught (in promise) AbortError: The play() request was interrupted by a call to pause(). https://goo.gl/LdLk22", source: https://www.tiktok.com/foryou?is_copy_url=1&is_from_webapp=v1&lang=en (0)
[40432:40432:0128/231656.371945:INFO:CONSOLE(0)] "Uncaught (in promise) AbortError: The play() request was interrupted by a call to pause(). https://goo.gl/LdLk22", source: https://www.tiktok.com/foryou?is_copy_url=1&is_from_webapp=v1&lang=en (0)
[40432:40432:0128/231658.468391:INFO:CONSOLE(0)] "Uncaught (in promise) AbortError: The play() request was interrupted by a call to pause(). https://goo.gl/LdLk22", source: https://www.tiktok.com/foryou?is_copy_url=1&is_from_webapp=v1&lang=en (0)
[40432:40432:0128/231702.080439:INFO:CONSOLE(0)] "Uncaught (in promise) AbortError: The play() request was interrupted by a call to pause(). https://goo.gl/LdLk22", source: https://www.tiktok.com/foryou?is_copy_url=1&is_from_webapp=v1&lang=en (0)
[40432:40432:0128/231704.233301:INFO:CONSOLE(0)] "Uncaught (in promise) AbortError: The play() request was interrupted by a call to pause(). https://goo.gl/LdLk22", source: https://www.tiktok.com/foryou?is_copy_url=1&is_from_webapp=v1&lang=en (0)
[40432:40432:0128/231706.044346:INFO:CONSOLE(0)] "Uncaught (in promise) AbortError: The play() request was interrupted by a call to pause(). https://goo.gl/LdLk22", source: https://www.tiktok.com/foryou?is_copy_url=1&is_from_webapp=v1&lang=en (0)
[40432:40432:0128/231708.574629:INFO:CONSOLE(0)] "Uncaught (in promise) AbortError: The play() request was interrupted by a call to pause(). https://goo.gl/LdLk22", source: https://www.tiktok.com/foryou?is_copy_url=1&is_from_webapp=v1&lang=en (0)
[40432:40432:0128/231708.992043:INFO:CONSOLE(0)] "Uncaught (in promise) AbortError: The play() request was interrupted by a call to pause(). https://goo.gl/LdLk22", source: https://www.tiktok.com/foryou?is_copy_url=1&is_from_webapp=v1&lang=en (0)
[40432:40432:0128/231710.464346:INFO:CONSOLE(0)] "Uncaught (in promise) AbortError: The play() request was interrupted by a call to pause(). https://goo.gl/LdLk22", source: https://www.tiktok.com/foryou?is_copy_url=1&is_from_webapp=v1&lang=en (0)
[40432:40432:0128/231711.837998:INFO:CONSOLE(0)] "Uncaught (in promise) AbortError: The play() request was interrupted by a call to pause(). https://goo.gl/LdLk22", source: https://www.tiktok.com/foryou?is_copy_url=1&is_from_webapp=v1&lang=en (0)
[40432:40432:0128/231718.053418:INFO:CONSOLE(0)] "Uncaught (in promise) AbortError: The play() request was interrupted by a call to pause(). https://goo.gl/LdLk22", source: https://www.tiktok.com/foryou?is_copy_url=1&is_from_webapp=v1&lang=en (0)
[40432:40432:0128/231721.351710:INFO:CONSOLE(0)] "Uncaught (in promise) AbortError: The play() request was interrupted by a call to pause(). https://goo.gl/LdLk22", source: https://www.tiktok.com/foryou?is_copy_url=1&is_from_webapp=v1&lang=en (0)
[40432:40432:0128/231721.819237:INFO:CONSOLE(0)] "Uncaught (in promise) AbortError: The play() request was interrupted by a call to pause(). https://goo.gl/LdLk22", source: https://www.tiktok.com/foryou?is_copy_url=1&is_from_webapp=v1&lang=en (0)
[40432:40432:0128/231724.570544:INFO:CONSOLE(0)] "Uncaught (in promise) AbortError: The play() request was interrupted by a call to pause(). https://goo.gl/LdLk22", source: https://www.tiktok.com/foryou?is_copy_url=1&is_from_webapp=v1&lang=en (0)
[40432:40432:0128/231724.712929:INFO:CONSOLE(0)] "Uncaught (in promise) AbortError: The play() request was interrupted by a call to pause(). https://goo.gl/LdLk22", source: https://www.tiktok.com/foryou?is_copy_url=1&is_from_webapp=v1&lang=en (0)
[40432:40432:0128/231726.394092:INFO:CONSOLE(0)] "Uncaught (in promise) AbortError: The play() request was interrupted by a call to pause(). https://goo.gl/LdLk22", source: https://www.tiktok.com/foryou?is_copy_url=1&is_from_webapp=v1&lang=en (0)
[40432:40432:0128/231728.783420:INFO:CONSOLE(0)] "Uncaught (in promise) AbortError: The play() request was interrupted by a call to pause(). https://goo.gl/LdLk22", source: https://www.tiktok.com/foryou?is_copy_url=1&is_from_webapp=v1&lang=en (0)
[40432:40432:0128/231730.774387:INFO:CONSOLE(0)] "Uncaught (in promise) AbortError: The play() request was interrupted by a call to pause(). https://goo.gl/LdLk22", source: https://www.tiktok.com/foryou?is_copy_url=1&is_from_webapp=v1&lang=en (0)
[40432:40432:0128/231732.601136:INFO:CONSOLE(0)] "Uncaught (in promise) AbortError: The play() request was interrupted by a call to pause(). https://goo.gl/LdLk22", source: https://www.tiktok.com/foryou?is_copy_url=1&is_from_webapp=v1&lang=en (0)
[40432:40432:0128/231734.956352:INFO:CONSOLE(0)] "Uncaught (in promise) AbortError: The play() request was interrupted by a call to pause(). https://goo.gl/LdLk22", source: https://www.tiktok.com/foryou?is_copy_url=1&is_from_webapp=v1&lang=en (0)
[40432:40432:0128/231738.523313:INFO:CONSOLE(0)] "Uncaught (in promise) AbortError: The play() request was interrupted by a call to pause(). https://goo.gl/LdLk22", source: https://www.tiktok.com/foryou?is_copy_url=1&is_from_webapp=v1&lang=en (0)
[40432:40432:0128/231740.365758:INFO:CONSOLE(0)] "Uncaught (in promise) AbortError: The play() request was interrupted by a call to pause(). https://goo.gl/LdLk22", source: https://www.tiktok.com/foryou?is_copy_url=1&is_from_webapp=v1&lang=en (0)
[40432:40432:0128/231743.499470:INFO:CONSOLE(0)] "Uncaught (in promise) AbortError: The play() request was interrupted by a call to pause(). https://goo.gl/LdLk22", source: https://www.tiktok.com/foryou?is_copy_url=1&is_from_webapp=v1&lang=en (0)
[40432:40432:0128/231749.028189:INFO:CONSOLE(0)] "Uncaught (in promise) AbortError: The play() request was interrupted by a call to pause(). https://goo.gl/LdLk22", source: https://www.tiktok.com/foryou?is_copy_url=1&is_from_webapp=v1&lang=en (0)
[40432:40432:0128/231750.576600:INFO:CONSOLE(0)] "Uncaught (in promise) AbortError: The play() request was interrupted by a call to pause(). https://goo.gl/LdLk22", source: https://www.tiktok.com/foryou?is_copy_url=1&is_from_webapp=v1&lang=en (0)
[40432:40432:0128/231752.733049:INFO:CONSOLE(0)] "Uncaught (in promise) AbortError: The play() request was interrupted by a call to pause(). https://goo.gl/LdLk22", source: https://www.tiktok.com/foryou?is_copy_url=1&is_from_webapp=v1&lang=en (0)
[40432:40432:0128/231754.039941:INFO:CONSOLE(0)] "Uncaught (in promise) AbortError: The play() request was interrupted by a call to pause(). https://goo.gl/LdLk22", source: https://www.tiktok.com/foryou?is_copy_url=1&is_from_webapp=v1&lang=en (0)
[40432:40432:0128/231758.531095:INFO:CONSOLE(0)] "Uncaught (in promise) AbortError: The play() request was interrupted by a call to pause(). https://goo.gl/LdLk22", source: https://www.tiktok.com/foryou?is_copy_url=1&is_from_webapp=v1&lang=en (0)
[40432:40432:0128/231758.936582:INFO:CONSOLE(0)] "Uncaught (in promise) AbortError: The play() request was interrupted by a call to pause(). https://goo.gl/LdLk22", source: https://www.tiktok.com/foryou?is_copy_url=1&is_from_webapp=v1&lang=en (0)
[40432:40432:0128/231804.061261:INFO:CONSOLE(0)] "Uncaught (in promise) AbortError: The play() request was interrupted by a call to pause(). https://goo.gl/LdLk22", source: https://www.tiktok.com/foryou?is_copy_url=1&is_from_webapp=v1&lang=en (0)
[40432:40432:0128/231804.530620:INFO:CONSOLE(0)] "Uncaught (in promise) AbortError: The play() request was interrupted by a call to pause(). https://goo.gl/LdLk22", source: https://www.tiktok.com/foryou?is_copy_url=1&is_from_webapp=v1&lang=en (0)
[40432:40432:0128/231810.112989:INFO:CONSOLE(0)] "Uncaught (in promise) AbortError: The play() request was interrupted by a call to pause(). https://goo.gl/LdLk22", source: https://www.tiktok.com/foryou?is_copy_url=1&is_from_webapp=v1&lang=en (0)
[40432:40432:0128/231814.232686:INFO:CONSOLE(0)] "Uncaught (in promise) AbortError: The play() request was interrupted by a call to pause(). https://goo.gl/LdLk22", source: https://www.tiktok.com/foryou?is_copy_url=1&is_from_webapp=v1&lang=en (0)
[40432:40432:0128/231816.194998:INFO:CONSOLE(0)] "Uncaught (in promise) AbortError: The play() request was interrupted by a call to pause(). https://goo.gl/LdLk22", source: https://www.tiktok.com/foryou?is_copy_url=1&is_from_webapp=v1&lang=en (0)
[40432:40432:0128/231817.745244:INFO:CONSOLE(0)] "Uncaught (in promise) AbortError: The play() request was interrupted by a call to pause(). https://goo.gl/LdLk22", source: https://www.tiktok.com/foryou?is_copy_url=1&is_from_webapp=v1&lang=en (0)
[40432:40432:0128/231821.079421:INFO:CONSOLE(0)] "Uncaught (in promise) AbortError: The play() request was interrupted by a call to pause(). https://goo.gl/LdLk22", source: https://www.tiktok.com/foryou?is_copy_url=1&is_from_webapp=v1&lang=en (0)
[40432:40432:0128/231822.959004:INFO:CONSOLE(0)] "Uncaught (in promise) AbortError: The play() request was interrupted by a call to pause(). https://goo.gl/LdLk22", source: https://www.tiktok.com/foryou?is_copy_url=1&is_from_webapp=v1&lang=en (0)
[40432:40432:0128/231823.160318:INFO:CONSOLE(0)] "Uncaught (in promise) AbortError: The play() request was interrupted by a call to pause(). https://goo.gl/LdLk22", source: https://www.tiktok.com/foryou?is_copy_url=1&is_from_webapp=v1&lang=en (0)
[40432:40432:0128/231824.578402:INFO:CONSOLE(0)] "Uncaught (in promise) AbortError: The play() request was interrupted by a call to pause(). https://goo.gl/LdLk22", source: https://www.tiktok.com/foryou?is_copy_url=1&is_from_webapp=v1&lang=en (0)
[40432:40432:0128/231827.167430:INFO:CONSOLE(0)] "Uncaught (in promise) AbortError: The play() request was interrupted by a call to pause(). https://goo.gl/LdLk22", source: https://www.tiktok.com/foryou?is_copy_url=1&is_from_webapp=v1&lang=en (0)
[40432:40432:0128/231829.468530:INFO:CONSOLE(0)] "Uncaught (in promise) AbortError: The play() request was interrupted by a call to pause(). https://goo.gl/LdLk22", source: https://www.tiktok.com/foryou?is_copy_url=1&is_from_webapp=v1&lang=en (0)
[40432:40432:0128/231832.060159:INFO:CONSOLE(0)] "Uncaught (in promise) AbortError: The play() request was interrupted by a call to pause(). https://goo.gl/LdLk22", source: https://www.tiktok.com/foryou?is_copy_url=1&is_from_webapp=v1&lang=en (0)
[40432:40432:0128/231832.326377:INFO:CONSOLE(0)] "Uncaught (in promise) AbortError: The play() request was interrupted by a call to pause(). https://goo.gl/LdLk22", source: https://www.tiktok.com/foryou?is_copy_url=1&is_from_webapp=v1&lang=en (0)
[40432:40432:0128/231835.647538:INFO:CONSOLE(0)] "Uncaught (in promise) AbortError: The play() request was interrupted by a call to pause(). https://goo.gl/LdLk22", source: https://www.tiktok.com/foryou?is_copy_url=1&is_from_webapp=v1&lang=en (0)
[40432:40432:0128/231835.929293:INFO:CONSOLE(0)] "Uncaught (in promise) AbortError: The play() request was interrupted by a call to pause(). https://goo.gl/LdLk22", source: https://www.tiktok.com/foryou?is_copy_url=1&is_from_webapp=v1&lang=en (0)
[40432:40432:0128/231837.488427:INFO:CONSOLE(0)] "Uncaught (in promise) AbortError: The play() request was interrupted by a call to pause(). https://goo.gl/LdLk22", source: https://www.tiktok.com/foryou?is_copy_url=1&is_from_webapp=v1&lang=en (0)
[40432:40432:0128/231842.287325:INFO:CONSOLE(0)] "Uncaught (in promise) AbortError: The play() request was interrupted by a call to pause(). https://goo.gl/LdLk22", source: https://www.tiktok.com/foryou?is_copy_url=1&is_from_webapp=v1&lang=en (0)
[40432:40432:0128/231849.821269:INFO:CONSOLE(0)] "Uncaught (in promise) AbortError: The play() request was interrupted by a call to pause(). https://goo.gl/LdLk22", source: https://www.tiktok.com/foryou?is_copy_url=1&is_from_webapp=v1&lang=en (0)
[40432:40432:0128/231851.213473:INFO:CONSOLE(0)] "Uncaught (in promise) AbortError: The play() request was interrupted by a call to pause(). https://goo.gl/LdLk22", source: https://www.tiktok.com/foryou?is_copy_url=1&is_from_webapp=v1&lang=en (0)
[40432:40432:0128/231855.126461:INFO:CONSOLE(0)] "Uncaught (in promise) AbortError: The play() request was interrupted by a call to pause(). https://goo.gl/LdLk22", source: https://www.tiktok.com/foryou?is_copy_url=1&is_from_webapp=v1&lang=en (0)
[40432:40432:0128/231855.423166:INFO:CONSOLE(0)] "Uncaught (in promise) AbortError: The play() request was interrupted by a call to pause(). https://goo.gl/LdLk22", source: https://www.tiktok.com/foryou?is_copy_url=1&is_from_webapp=v1&lang=en (0)
[40432:40432:0128/231857.372835:INFO:CONSOLE(0)] "Uncaught (in promise) AbortError: The play() request was interrupted by a call to pause(). https://goo.gl/LdLk22", source: https://www.tiktok.com/foryou?is_copy_url=1&is_from_webapp=v1&lang=en (0)
[40432:40432:0128/231859.087463:INFO:CONSOLE(0)] "Uncaught (in promise) AbortError: The play() request was interrupted by a call to pause(). https://goo.gl/LdLk22", source: https://www.tiktok.com/foryou?is_copy_url=1&is_from_webapp=v1&lang=en (0)
[40432:40432:0128/231900.779513:INFO:CONSOLE(0)] "Uncaught (in promise) AbortError: The play() request was interrupted by a call to pause(). https://goo.gl/LdLk22", source: https://www.tiktok.com/foryou?is_copy_url=1&is_from_webapp=v1&lang=en (0)
[40432:40432:0128/231902.401898:INFO:CONSOLE(0)] "Uncaught (in promise) AbortError: The play() request was interrupted by a call to pause(). https://goo.gl/LdLk22", source: https://www.tiktok.com/foryou?is_copy_url=1&is_from_webapp=v1&lang=en (0)
[40432:40432:0128/231904.968238:INFO:CONSOLE(0)] "Uncaught (in promise) AbortError: The play() request was interrupted by a call to pause(). https://goo.gl/LdLk22", source: https://www.tiktok.com/foryou?is_copy_url=1&is_from_webapp=v1&lang=en (0)
[40432:40432:0128/231909.215308:INFO:CONSOLE(0)] "Uncaught (in promise) AbortError: The play() request was interrupted by a call to pause(). https://goo.gl/LdLk22", source: https://www.tiktok.com/foryou?is_copy_url=1&is_from_webapp=v1&lang=en (0)
[40432:40432:0128/231909.453568:INFO:CONSOLE(0)] "Uncaught (in promise) AbortError: The play() request was interrupted by a call to pause(). https://goo.gl/LdLk22", source: https://www.tiktok.com/foryou?is_copy_url=1&is_from_webapp=v1&lang=en (0)
[40432:40432:0128/231914.375636:INFO:CONSOLE(0)] "Uncaught (in promise) AbortError: The play() request was interrupted by a call to pause(). https://goo.gl/LdLk22", source: https://www.tiktok.com/foryou?is_copy_url=1&is_from_webapp=v1&lang=en (0)
[40432:40432:0128/231917.205942:INFO:CONSOLE(0)] "Uncaught (in promise) AbortError: The play() request was interrupted by a call to pause(). https://goo.gl/LdLk22", source: https://www.tiktok.com/foryou?is_copy_url=1&is_from_webapp=v1&lang=en (0)
[40432:40432:0128/231920.009808:INFO:CONSOLE(0)] "Uncaught (in promise) AbortError: The play() request was interrupted by a call to pause(). https://goo.gl/LdLk22", source: https://www.tiktok.com/foryou?is_copy_url=1&is_from_webapp=v1&lang=en (0)
[40432:40432:0128/231921.346547:INFO:CONSOLE(0)] "Uncaught (in promise) AbortError: The play() request was interrupted by a call to pause(). https://goo.gl/LdLk22", source: https://www.tiktok.com/foryou?is_copy_url=1&is_from_webapp=v1&lang=en (0)
[40432:40432:0128/231923.215896:INFO:CONSOLE(0)] "Uncaught (in promise) AbortError: The play() request was interrupted by a call to pause(). https://goo.gl/LdLk22", source: https://www.tiktok.com/foryou?is_copy_url=1&is_from_webapp=v1&lang=en (0)
[40432:40432:0128/231926.769373:INFO:CONSOLE(0)] "Uncaught (in promise) AbortError: The play() request was interrupted by a call to pause(). https://goo.gl/LdLk22", source: https://www.tiktok.com/foryou?is_copy_url=1&is_from_webapp=v1&lang=en (0)
[40432:40432:0128/231928.120767:INFO:CONSOLE(0)] "Uncaught (in promise) AbortError: The play() request was interrupted by a call to pause(). https://goo.gl/LdLk22", source: https://www.tiktok.com/foryou?is_copy_url=1&is_from_webapp=v1&lang=en (0)
[40432:40432:0128/231931.134364:INFO:CONSOLE(0)] "Uncaught (in promise) AbortError: The play() request was interrupted by a call to pause(). https://goo.gl/LdLk22", source: https://www.tiktok.com/foryou?is_copy_url=1&is_from_webapp=v1&lang=en (0)
[40432:40432:0128/231933.365326:INFO:CONSOLE(0)] "Uncaught (in promise) AbortError: The play() request was interrupted by a call to pause(). https://goo.gl/LdLk22", source: https://www.tiktok.com/foryou?is_copy_url=1&is_from_webapp=v1&lang=en (0)
[40432:40432:0128/231937.939674:INFO:CONSOLE(0)] "Uncaught (in promise) AbortError: The play() request was interrupted by a call to pause(). https://goo.gl/LdLk22", source: https://www.tiktok.com/foryou?is_copy_url=1&is_from_webapp=v1&lang=en (0)
[40432:40432:0128/231943.832155:INFO:CONSOLE(0)] "Uncaught (in promise) AbortError: The play() request was interrupted by a call to pause(). https://goo.gl/LdLk22", source: https://www.tiktok.com/foryou?is_copy_url=1&is_from_webapp=v1&lang=en (0)
[40432:40432:0128/231945.989876:INFO:CONSOLE(0)] "Uncaught (in promise) AbortError: The play() request was interrupted by a call to pause(). https://goo.gl/LdLk22", source: https://www.tiktok.com/foryou?is_copy_url=1&is_from_webapp=v1&lang=en (0)
[40432:40432:0128/231947.691545:INFO:CONSOLE(0)] "Uncaught (in promise) AbortError: The play() request was interrupted by a call to pause(). https://goo.gl/LdLk22", source: https://www.tiktok.com/foryou?is_copy_url=1&is_from_webapp=v1&lang=en (0)
[40432:40432:0128/231950.483529:INFO:CONSOLE(0)] "Uncaught (in promise) AbortError: The play() request was interrupted by a call to pause(). https://goo.gl/LdLk22", source: https://www.tiktok.com/foryou?is_copy_url=1&is_from_webapp=v1&lang=en (0)
[40432:40432:0128/231956.107410:INFO:CONSOLE(0)] "Uncaught (in promise) AbortError: The play() request was interrupted by a call to pause(). https://goo.gl/LdLk22", source: https://www.tiktok.com/foryou?is_copy_url=1&is_from_webapp=v1&lang=en (0)
[40432:40432:0128/231956.681429:INFO:CONSOLE(0)] "Uncaught (in promise) AbortError: The play() request was interrupted by a call to pause(). https://goo.gl/LdLk22", source: https://www.tiktok.com/foryou?is_copy_url=1&is_from_webapp=v1&lang=en (0)
[40432:40432:0128/231958.450161:INFO:CONSOLE(0)] "Uncaught (in promise) AbortError: The play() request was interrupted by a call to pause(). https://goo.gl/LdLk22", source: https://www.tiktok.com/foryou?is_copy_url=1&is_from_webapp=v1&lang=en (0)
[40432:40432:0128/232000.293704:INFO:CONSOLE(0)] "Uncaught (in promise) AbortError: The play() request was interrupted by a call to pause(). https://goo.gl/LdLk22", source: https://www.tiktok.com/foryou?is_copy_url=1&is_from_webapp=v1&lang=en (0)
[40432:40432:0128/232002.977501:INFO:CONSOLE(0)] "Uncaught (in promise) AbortError: The play() request was interrupted by a call to pause(). https://goo.gl/LdLk22", source: https://www.tiktok.com/foryou?is_copy_url=1&is_from_webapp=v1&lang=en (0)
[40432:40432:0128/232005.384683:INFO:CONSOLE(0)] "Uncaught (in promise) AbortError: The play() request was interrupted by a call to pause(). https://goo.gl/LdLk22", source: https://www.tiktok.com/foryou?is_copy_url=1&is_from_webapp=v1&lang=en (0)
[40432:40432:0128/232007.151104:INFO:CONSOLE(0)] "Uncaught (in promise) AbortError: The play() request was interrupted by a call to pause(). https://goo.gl/LdLk22", source: https://www.tiktok.com/foryou?is_copy_url=1&is_from_webapp=v1&lang=en (0)
[40432:40432:0128/232009.771567:INFO:CONSOLE(0)] "Uncaught (in promise) AbortError: The play() request was interrupted by a call to pause(). https://goo.gl/LdLk22", source: https://www.tiktok.com/foryou?is_copy_url=1&is_from_webapp=v1&lang=en (0)
[40432:40432:0128/232013.391994:INFO:CONSOLE(0)] "Uncaught (in promise) AbortError: The play() request was interrupted by a call to pause(). https://goo.gl/LdLk22", source: https://www.tiktok.com/foryou?is_copy_url=1&is_from_webapp=v1&lang=en (0)
[40432:40432:0128/232015.963465:INFO:CONSOLE(0)] "Uncaught (in promise) AbortError: The play() request was interrupted by a call to pause(). https://goo.gl/LdLk22", source: https://www.tiktok.com/foryou?is_copy_url=1&is_from_webapp=v1&lang=en (0)
[40432:40432:0128/232020.058376:INFO:CONSOLE(0)] "Uncaught (in promise) AbortError: The play() request was interrupted by a call to pause(). https://goo.gl/LdLk22", source: https://www.tiktok.com/foryou?is_copy_url=1&is_from_webapp=v1&lang=en (0)
[40432:40432:0128/232021.043672:INFO:CONSOLE(0)] "Uncaught (in promise) AbortError: The play() request was interrupted by a call to pause(). https://goo.gl/LdLk22", source: https://www.tiktok.com/foryou?is_copy_url=1&is_from_webapp=v1&lang=en (0)
[40432:40432:0128/232029.406257:INFO:CONSOLE(0)] "Uncaught (in promise) AbortError: The play() request was interrupted by a call to pause(). https://goo.gl/LdLk22", source: https://www.tiktok.com/foryou?is_copy_url=1&is_from_webapp=v1&lang=en (0)
[40432:40432:0128/232032.730975:INFO:CONSOLE(0)] "Uncaught (in promise) AbortError: The play() request was interrupted by a call to pause(). https://goo.gl/LdLk22", source: https://www.tiktok.com/foryou?is_copy_url=1&is_from_webapp=v1&lang=en (0)
[40432:40432:0128/232033.059376:INFO:CONSOLE(0)] "Uncaught (in promise) AbortError: The play() request was interrupted by a call to pause(). https://goo.gl/LdLk22", source: https://www.tiktok.com/foryou?is_copy_url=1&is_from_webapp=v1&lang=en (0)
[40432:40432:0128/232035.639553:INFO:CONSOLE(0)] "Uncaught (in promise) AbortError: The play() request was interrupted by a call to pause(). https://goo.gl/LdLk22", source: https://www.tiktok.com/foryou?is_copy_url=1&is_from_webapp=v1&lang=en (0)
[40432:40432:0128/232040.731295:INFO:CONSOLE(0)] "Uncaught (in promise) AbortError: The play() request was interrupted by a call to pause(). https://goo.gl/LdLk22", source: https://www.tiktok.com/foryou?is_copy_url=1&is_from_webapp=v1&lang=en (0)
[40432:40432:0128/232041.291909:INFO:CONSOLE(0)] "Uncaught (in promise) AbortError: The play() request was interrupted by a call to pause(). https://goo.gl/LdLk22", source: https://www.tiktok.com/foryou?is_copy_url=1&is_from_webapp=v1&lang=en (0)
[40432:40432:0128/232043.255796:INFO:CONSOLE(0)] "Uncaught (in promise) AbortError: The play() request was interrupted by a call to pause(). https://goo.gl/LdLk22", source: https://www.tiktok.com/foryou?is_copy_url=1&is_from_webapp=v1&lang=en (0)
[40432:40432:0128/232046.589548:INFO:CONSOLE(0)] "Uncaught (in promise) AbortError: The play() request was interrupted by a call to pause(). https://goo.gl/LdLk22", source: https://www.tiktok.com/foryou?is_copy_url=1&is_from_webapp=v1&lang=en (0)
[40432:40432:0128/232048.741717:INFO:CONSOLE(0)] "Uncaught (in promise) AbortError: The play() request was interrupted by a call to pause(). https://goo.gl/LdLk22", source: https://www.tiktok.com/foryou?is_copy_url=1&is_from_webapp=v1&lang=en (0)
[40432:40432:0128/232050.631364:INFO:CONSOLE(0)] "Uncaught (in promise) AbortError: The play() request was interrupted by a call to pause(). https://goo.gl/LdLk22", source: https://www.tiktok.com/foryou?is_copy_url=1&is_from_webapp=v1&lang=en (0)
[40432:40432:0128/232053.097360:INFO:CONSOLE(0)] "Uncaught (in promise) AbortError: The play() request was interrupted by a call to pause(). https://goo.gl/LdLk22", source: https://www.tiktok.com/foryou?is_copy_url=1&is_from_webapp=v1&lang=en (0)
[40432:40432:0128/232056.934234:INFO:CONSOLE(0)] "Uncaught (in promise) AbortError: The play() request was interrupted by a call to pause(). https://goo.gl/LdLk22", source: https://www.tiktok.com/foryou?is_copy_url=1&is_from_webapp=v1&lang=en (0)
[40432:40432:0128/232059.157349:INFO:CONSOLE(0)] "Uncaught (in promise) AbortError: The play() request was interrupted by a call to pause(). https://goo.gl/LdLk22", source: https://www.tiktok.com/foryou?is_copy_url=1&is_from_webapp=v1&lang=en (0)
[40432:40432:0128/232103.263118:INFO:CONSOLE(0)] "Uncaught (in promise) AbortError: The play() request was interrupted by a call to pause(). https://goo.gl/LdLk22", source: https://www.tiktok.com/foryou?is_copy_url=1&is_from_webapp=v1&lang=en (0)
[40432:40432:0128/232105.321827:INFO:CONSOLE(0)] "Uncaught (in promise) AbortError: The play() request was interrupted by a call to pause(). https://goo.gl/LdLk22", source: https://www.tiktok.com/foryou?is_copy_url=1&is_from_webapp=v1&lang=en (0)
[40432:40432:0128/232107.699472:INFO:CONSOLE(0)] "Uncaught (in promise) AbortError: The play() request was interrupted by a call to pause(). https://goo.gl/LdLk22", source: https://www.tiktok.com/foryou?is_copy_url=1&is_from_webapp=v1&lang=en (0)
[40432:40432:0128/232111.773874:INFO:CONSOLE(0)] "Uncaught (in promise) AbortError: The play() request was interrupted by a call to pause(). https://goo.gl/LdLk22", source: https://www.tiktok.com/foryou?is_copy_url=1&is_from_webapp=v1&lang=en (0)
[40432:40432:0128/232113.981117:INFO:CONSOLE(0)] "Uncaught (in promise) AbortError: The play() request was interrupted by a call to pause(). https://goo.gl/LdLk22", source: https://www.tiktok.com/foryou?is_copy_url=1&is_from_webapp=v1&lang=en (0)
[40432:40432:0128/232116.250107:INFO:CONSOLE(0)] "Uncaught (in promise) AbortError: The play() request was interrupted by a call to pause(). https://goo.gl/LdLk22", source: https://www.tiktok.com/foryou?is_copy_url=1&is_from_webapp=v1&lang=en (0)
[40432:40432:0128/232119.622254:INFO:CONSOLE(0)] "Uncaught (in promise) AbortError: The play() request was interrupted by a call to pause(). https://goo.gl/LdLk22", source: https://www.tiktok.com/foryou?is_copy_url=1&is_from_webapp=v1&lang=en (0)
[40432:40432:0128/232123.665836:INFO:CONSOLE(0)] "Uncaught (in promise) AbortError: The play() request was interrupted by a call to pause(). https://goo.gl/LdLk22", source: https://www.tiktok.com/foryou?is_copy_url=1&is_from_webapp=v1&lang=en (0)
[40432:40432:0128/232127.631371:INFO:CONSOLE(0)] "Uncaught (in promise) AbortError: The play() request was interrupted by a call to pause(). https://goo.gl/LdLk22", source: https://www.tiktok.com/foryou?is_copy_url=1&is_from_webapp=v1&lang=en (0)
[40432:40432:0128/232133.635476:INFO:CONSOLE(0)] "Uncaught (in promise) AbortError: The play() request was interrupted by a call to pause(). https://goo.gl/LdLk22", source: https://www.tiktok.com/foryou?is_copy_url=1&is_from_webapp=v1&lang=en (0)
[40432:40432:0128/232133.989507:INFO:CONSOLE(0)] "Uncaught (in promise) AbortError: The play() request was interrupted by a call to pause(). https://goo.gl/LdLk22", source: https://www.tiktok.com/foryou?is_copy_url=1&is_from_webapp=v1&lang=en (0)
[40432:40432:0128/232136.459684:INFO:CONSOLE(0)] "Uncaught (in promise) AbortError: The play() request was interrupted by a call to pause(). https://goo.gl/LdLk22", source: https://www.tiktok.com/foryou?is_copy_url=1&is_from_webapp=v1&lang=en (0)
[40432:40432:0128/232139.409983:INFO:CONSOLE(0)] "Uncaught (in promise) AbortError: The play() request was interrupted by a call to pause(). https://goo.gl/LdLk22", source: https://www.tiktok.com/foryou?is_copy_url=1&is_from_webapp=v1&lang=en (0)
[40432:40432:0128/232142.926312:INFO:CONSOLE(0)] "Uncaught (in promise) AbortError: The play() request was interrupted by a call to pause(). https://goo.gl/LdLk22", source: https://www.tiktok.com/foryou?is_copy_url=1&is_from_webapp=v1&lang=en (0)
[40432:40432:0128/232145.778445:INFO:CONSOLE(0)] "Uncaught (in promise) AbortError: The play() request was interrupted by a call to pause(). https://goo.gl/LdLk22", source: https://www.tiktok.com/foryou?is_copy_url=1&is_from_webapp=v1&lang=en (0)
[40432:40432:0128/232148.214432:INFO:CONSOLE(0)] "Uncaught (in promise) AbortError: The play() request was interrupted by a call to pause(). https://goo.gl/LdLk22", source: https://www.tiktok.com/foryou?is_copy_url=1&is_from_webapp=v1&lang=en (0)
[40432:40432:0128/232151.199503:INFO:CONSOLE(0)] "Uncaught (in promise) AbortError: The play() request was interrupted by a call to pause(). https://goo.gl/LdLk22", source: https://www.tiktok.com/foryou?is_copy_url=1&is_from_webapp=v1&lang=en (0)
[40432:40432:0128/232153.590173:INFO:CONSOLE(0)] "Uncaught (in promise) AbortError: The play() request was interrupted by a call to pause(). https://goo.gl/LdLk22", source: https://www.tiktok.com/foryou?is_copy_url=1&is_from_webapp=v1&lang=en (0)
[40432:40432:0128/232156.536338:INFO:CONSOLE(0)] "Uncaught (in promise) AbortError: The play() request was interrupted by a call to pause(). https://goo.gl/LdLk22", source: https://www.tiktok.com/foryou?is_copy_url=1&is_from_webapp=v1&lang=en (0)
[40432:40432:0128/232200.196352:INFO:CONSOLE(0)] "Uncaught (in promise) AbortError: The play() request was interrupted by a call to pause(). https://goo.gl/LdLk22", source: https://www.tiktok.com/foryou?is_copy_url=1&is_from_webapp=v1&lang=en (0)
[40432:40432:0128/232204.246026:INFO:CONSOLE(0)] "Uncaught (in promise) AbortError: The play() request was interrupted by a call to pause(). https://goo.gl/LdLk22", source: https://www.tiktok.com/foryou?is_copy_url=1&is_from_webapp=v1&lang=en (0)
[40432:40432:0128/232206.276425:INFO:CONSOLE(0)] "Uncaught (in promise) AbortError: The play() request was interrupted by a call to pause(). https://goo.gl/LdLk22", source: https://www.tiktok.com/foryou?is_copy_url=1&is_from_webapp=v1&lang=en (0)
[40432:40432:0128/232206.901156:INFO:CONSOLE(0)] "Uncaught (in promise) AbortError: The play() request was interrupted by a call to pause(). https://goo.gl/LdLk22", source: https://www.tiktok.com/foryou?is_copy_url=1&is_from_webapp=v1&lang=en (0)
[40432:40432:0128/232214.840785:INFO:CONSOLE(0)] "Uncaught (in promise) AbortError: The play() request was interrupted by a call to pause(). https://goo.gl/LdLk22", source: https://www.tiktok.com/foryou?is_copy_url=1&is_from_webapp=v1&lang=en (0)
[40432:40432:0128/232219.783799:INFO:CONSOLE(0)] "Uncaught (in promise) AbortError: The play() request was interrupted by a call to pause(). https://goo.gl/LdLk22", source: https://www.tiktok.com/foryou?is_copy_url=1&is_from_webapp=v1&lang=en (0)
[40432:40432:0128/232222.149630:INFO:CONSOLE(0)] "Uncaught (in promise) AbortError: The play() request was interrupted by a call to pause(). https://goo.gl/LdLk22", source: https://www.tiktok.com/foryou?is_copy_url=1&is_from_webapp=v1&lang=en (0)
[40432:40432:0128/232222.580361:INFO:CONSOLE(0)] "Uncaught (in promise) AbortError: The play() request was interrupted by a call to pause(). https://goo.gl/LdLk22", source: https://www.tiktok.com/foryou?is_copy_url=1&is_from_webapp=v1&lang=en (0)
[40432:40432:0128/232229.250802:INFO:CONSOLE(0)] "Uncaught (in promise) AbortError: The play() request was interrupted by a call to pause(). https://goo.gl/LdLk22", source: https://www.tiktok.com/foryou?is_copy_url=1&is_from_webapp=v1&lang=en (0)
[40432:40432:0128/232235.115029:INFO:CONSOLE(0)] "Uncaught (in promise) AbortError: The play() request was interrupted by a call to pause(). https://goo.gl/LdLk22", source: https://www.tiktok.com/foryou?is_copy_url=1&is_from_webapp=v1&lang=en (0)
[40432:40432:0128/232235.937319:INFO:CONSOLE(0)] "Uncaught (in promise) AbortError: The play() request was interrupted by a call to pause(). https://goo.gl/LdLk22", source: https://www.tiktok.com/foryou?is_copy_url=1&is_from_webapp=v1&lang=en (0)
[40432:40432:0128/232239.819625:INFO:CONSOLE(0)] "Uncaught (in promise) AbortError: The play() request was interrupted by a call to pause(). https://goo.gl/LdLk22", source: https://www.tiktok.com/foryou?is_copy_url=1&is_from_webapp=v1&lang=en (0)
[40432:40432:0128/232240.292770:INFO:CONSOLE(0)] "Uncaught (in promise) AbortError: The play() request was interrupted by a call to pause(). https://goo.gl/LdLk22", source: https://www.tiktok.com/foryou?is_copy_url=1&is_from_webapp=v1&lang=en (0)
[40432:40432:0128/232242.421568:INFO:CONSOLE(0)] "Uncaught (in promise) AbortError: The play() request was interrupted by a call to pause(). https://goo.gl/LdLk22", source: https://www.tiktok.com/foryou?is_copy_url=1&is_from_webapp=v1&lang=en (0)
[40432:40432:0128/232250.220762:INFO:CONSOLE(0)] "Uncaught (in promise) AbortError: The play() request was interrupted by a call to pause(). https://goo.gl/LdLk22", source: https://www.tiktok.com/foryou?is_copy_url=1&is_from_webapp=v1&lang=en (0)
[40432:40432:0128/232251.421887:INFO:CONSOLE(0)] "Uncaught (in promise) AbortError: The play() request was interrupted by a call to pause(). https://goo.gl/LdLk22", source: https://www.tiktok.com/foryou?is_copy_url=1&is_from_webapp=v1&lang=en (0)
[40432:40432:0128/232254.837609:INFO:CONSOLE(0)] "Uncaught (in promise) AbortError: The play() request was interrupted by a call to pause(). https://goo.gl/LdLk22", source: https://www.tiktok.com/foryou?is_copy_url=1&is_from_webapp=v1&lang=en (0)
[40432:40432:0128/232257.745915:INFO:CONSOLE(0)] "Uncaught (in promise) AbortError: The play() request was interrupted by a call to pause(). https://goo.gl/LdLk22", source: https://www.tiktok.com/foryou?is_copy_url=1&is_from_webapp=v1&lang=en (0)
[40432:40432:0128/232300.123574:INFO:CONSOLE(0)] "Uncaught (in promise) AbortError: The play() request was interrupted by a call to pause(). https://goo.gl/LdLk22", source: https://www.tiktok.com/foryou?is_copy_url=1&is_from_webapp=v1&lang=en (0)
[40432:40432:0128/232302.472611:INFO:CONSOLE(0)] "Uncaught (in promise) AbortError: The play() request was interrupted by a call to pause(). https://goo.gl/LdLk22", source: https://www.tiktok.com/foryou?is_copy_url=1&is_from_webapp=v1&lang=en (0)
[40432:40432:0128/232305.148013:INFO:CONSOLE(0)] "Uncaught (in promise) AbortError: The play() request was interrupted by a call to pause(). https://goo.gl/LdLk22", source: https://www.tiktok.com/foryou?is_copy_url=1&is_from_webapp=v1&lang=en (0)
[40432:40432:0128/232312.046828:INFO:CONSOLE(0)] "Uncaught (in promise) AbortError: The play() request was interrupted by a call to pause(). https://goo.gl/LdLk22", source: https://www.tiktok.com/foryou?is_copy_url=1&is_from_webapp=v1&lang=en (0)
[40432:40432:0128/232312.966415:INFO:CONSOLE(0)] "Uncaught (in promise) AbortError: The play() request was interrupted by a call to pause(). https://goo.gl/LdLk22", source: https://www.tiktok.com/foryou?is_copy_url=1&is_from_webapp=v1&lang=en (0)
[40432:40432:0128/232315.654656:INFO:CONSOLE(0)] "Uncaught (in promise) AbortError: The play() request was interrupted by a call to pause(). https://goo.gl/LdLk22", source: https://www.tiktok.com/foryou?is_copy_url=1&is_from_webapp=v1&lang=en (0)
[40432:40432:0128/232319.982729:INFO:CONSOLE(0)] "Uncaught (in promise) AbortError: The play() request was interrupted by a call to pause(). https://goo.gl/LdLk22", source: https://www.tiktok.com/foryou?is_copy_url=1&is_from_webapp=v1&lang=en (0)
[40432:40432:0128/232321.870537:INFO:CONSOLE(0)] "Uncaught (in promise) AbortError: The play() request was interrupted by a call to pause(). https://goo.gl/LdLk22", source: https://www.tiktok.com/foryou?is_copy_url=1&is_from_webapp=v1&lang=en (0)
[40432:40432:0128/232331.988119:INFO:CONSOLE(0)] "Uncaught (in promise) AbortError: The play() request was interrupted by a call to pause(). https://goo.gl/LdLk22", source: https://www.tiktok.com/foryou?is_copy_url=1&is_from_webapp=v1&lang=en (0)
[40432:40432:0128/232336.235505:INFO:CONSOLE(0)] "Uncaught (in promise) AbortError: The play() request was interrupted by a call to pause(). https://goo.gl/LdLk22", source: https://www.tiktok.com/foryou?is_copy_url=1&is_from_webapp=v1&lang=en (0)
[40432:40432:0128/232336.790388:INFO:CONSOLE(0)] "Uncaught (in promise) AbortError: The play() request was interrupted by a call to pause(). https://goo.gl/LdLk22", source: https://www.tiktok.com/foryou?is_copy_url=1&is_from_webapp=v1&lang=en (0)
[40432:40432:0128/232339.757150:INFO:CONSOLE(0)] "Uncaught (in promise) AbortError: The play() request was interrupted by a call to pause(). https://goo.gl/LdLk22", source: https://www.tiktok.com/foryou?is_copy_url=1&is_from_webapp=v1&lang=en (0)
[40432:40432:0128/232343.271745:INFO:CONSOLE(0)] "Uncaught (in promise) AbortError: The play() request was interrupted by a call to pause(). https://goo.gl/LdLk22", source: https://www.tiktok.com/foryou?is_copy_url=1&is_from_webapp=v1&lang=en (0)
[40432:40432:0128/232345.726822:INFO:CONSOLE(0)] "Uncaught (in promise) AbortError: The play() request was interrupted by a call to pause(). https://goo.gl/LdLk22", source: https://www.tiktok.com/foryou?is_copy_url=1&is_from_webapp=v1&lang=en (0)
[40432:40432:0128/232349.289090:INFO:CONSOLE(0)] "Uncaught (in promise) AbortError: The play() request was interrupted by a call to pause(). https://goo.gl/LdLk22", source: https://www.tiktok.com/foryou?is_copy_url=1&is_from_webapp=v1&lang=en (0)
[40432:40432:0128/232352.951313:INFO:CONSOLE(0)] "Uncaught (in promise) AbortError: The play() request was interrupted by a call to pause(). https://goo.gl/LdLk22", source: https://www.tiktok.com/foryou?is_copy_url=1&is_from_webapp=v1&lang=en (0)
[40432:40432:0128/232359.972588:INFO:CONSOLE(0)] "Uncaught (in promise) AbortError: The play() request was interrupted by a call to pause(). https://goo.gl/LdLk22", source: https://www.tiktok.com/foryou?is_copy_url=1&is_from_webapp=v1&lang=en (0)
[40432:40432:0128/232400.892434:INFO:CONSOLE(0)] "Uncaught (in promise) AbortError: The play() request was interrupted by a call to pause(). https://goo.gl/LdLk22", source: https://www.tiktok.com/foryou?is_copy_url=1&is_from_webapp=v1&lang=en (0)
[40432:40432:0128/232404.249209:INFO:CONSOLE(0)] "Uncaught (in promise) AbortError: The play() request was interrupted by a call to pause(). https://goo.gl/LdLk22", source: https://www.tiktok.com/foryou?is_copy_url=1&is_from_webapp=v1&lang=en (0)
[40432:40432:0128/232407.137179:INFO:CONSOLE(0)] "Uncaught (in promise) AbortError: The play() request was interrupted by a call to pause(). https://goo.gl/LdLk22", source: https://www.tiktok.com/foryou?is_copy_url=1&is_from_webapp=v1&lang=en (0)
[40432:40432:0128/232411.588662:INFO:CONSOLE(0)] "Uncaught (in promise) AbortError: The play() request was interrupted by a call to pause(). https://goo.gl/LdLk22", source: https://www.tiktok.com/foryou?is_copy_url=1&is_from_webapp=v1&lang=en (0)
[40432:40432:0128/232422.174318:INFO:CONSOLE(0)] "Uncaught (in promise) AbortError: The play() request was interrupted by a call to pause(). https://goo.gl/LdLk22", source: https://www.tiktok.com/foryou?is_copy_url=1&is_from_webapp=v1&lang=en (0)
[40432:40432:0128/232429.884467:INFO:CONSOLE(0)] "Uncaught (in promise) AbortError: The play() request was interrupted by a call to pause(). https://goo.gl/LdLk22", source: https://www.tiktok.com/foryou?is_copy_url=1&is_from_webapp=v1&lang=en (0)
[40432:40432:0128/232431.477637:INFO:CONSOLE(0)] "Uncaught (in promise) AbortError: The play() request was interrupted by a call to pause(). https://goo.gl/LdLk22", source: https://www.tiktok.com/foryou?is_copy_url=1&is_from_webapp=v1&lang=en (0)
[40432:40432:0128/232434.945888:INFO:CONSOLE(0)] "Uncaught (in promise) AbortError: The play() request was interrupted by a call to pause(). https://goo.gl/LdLk22", source: https://www.tiktok.com/foryou?is_copy_url=1&is_from_webapp=v1&lang=en (0)
[40432:40432:0128/232441.858199:INFO:CONSOLE(0)] "Uncaught (in promise) AbortError: The play() request was interrupted by a call to pause(). https://goo.gl/LdLk22", source: https://www.tiktok.com/foryou?is_copy_url=1&is_from_webapp=v1&lang=en (0)
[40432:40432:0128/232444.531396:INFO:CONSOLE(0)] "Uncaught (in promise) AbortError: The play() request was interrupted by a call to pause(). https://goo.gl/LdLk22", source: https://www.tiktok.com/foryou?is_copy_url=1&is_from_webapp=v1&lang=en (0)
[40432:40432:0128/232452.894777:INFO:CONSOLE(0)] "Uncaught (in promise) AbortError: The play() request was interrupted by a call to pause(). https://goo.gl/LdLk22", source: https://www.tiktok.com/foryou?is_copy_url=1&is_from_webapp=v1&lang=en (0)
[40432:40432:0128/232453.410670:INFO:CONSOLE(0)] "Uncaught (in promise) AbortError: The play() request was interrupted by a call to pause(). https://goo.gl/LdLk22", source: https://www.tiktok.com/foryou?is_copy_url=1&is_from_webapp=v1&lang=en (0)
[40432:40432:0128/232456.381148:INFO:CONSOLE(0)] "Uncaught (in promise) AbortError: The play() request was interrupted by a call to pause(). https://goo.gl/LdLk22", source: https://www.tiktok.com/foryou?is_copy_url=1&is_from_webapp=v1&lang=en (0)
[40432:40432:0128/232459.025772:INFO:CONSOLE(0)] "Uncaught (in promise) AbortError: The play() request was interrupted by a call to pause(). https://goo.gl/LdLk22", source: https://www.tiktok.com/foryou?is_copy_url=1&is_from_webapp=v1&lang=en (0)
[40432:40432:0128/232501.839224:INFO:CONSOLE(0)] "Uncaught (in promise) AbortError: The play() request was interrupted by a call to pause(). https://goo.gl/LdLk22", source: https://www.tiktok.com/foryou?is_copy_url=1&is_from_webapp=v1&lang=en (0)
[40432:40432:0128/232508.390530:INFO:CONSOLE(0)] "Uncaught (in promise) AbortError: The play() request was interrupted by a call to pause(). https://goo.gl/LdLk22", source: https://www.tiktok.com/foryou?is_copy_url=1&is_from_webapp=v1&lang=en (0)
[40432:40432:0128/232512.369980:INFO:CONSOLE(0)] "Uncaught (in promise) AbortError: The play() request was interrupted by a call to pause(). https://goo.gl/LdLk22", source: https://www.tiktok.com/foryou?is_copy_url=1&is_from_webapp=v1&lang=en (0)
[40432:40432:0128/232514.921666:INFO:CONSOLE(0)] "Uncaught (in promise) AbortError: The play() request was interrupted by a call to pause(). https://goo.gl/LdLk22", source: https://www.tiktok.com/foryou?is_copy_url=1&is_from_webapp=v1&lang=en (0)
[40432:40432:0128/232535.842069:INFO:CONSOLE(0)] "Uncaught (in promise) AbortError: The play() request was interrupted by a call to pause(). https://goo.gl/LdLk22", source: https://www.tiktok.com/foryou?is_copy_url=1&is_from_webapp=v1&lang=en (0)
[40432:40432:0128/232539.549986:INFO:CONSOLE(0)] "Uncaught (in promise) AbortError: The play() request was interrupted by a call to pause(). https://goo.gl/LdLk22", source: https://www.tiktok.com/foryou?is_copy_url=1&is_from_webapp=v1&lang=en (0)
[40432:40432:0128/232544.855354:INFO:CONSOLE(0)] "Uncaught (in promise) AbortError: The play() request was interrupted by a call to pause(). https://goo.gl/LdLk22", source: https://www.tiktok.com/foryou?is_copy_url=1&is_from_webapp=v1&lang=en (0)
[40432:40432:0128/232553.733450:INFO:CONSOLE(0)] "Uncaught (in promise) AbortError: The play() request was interrupted by a call to pause(). https://goo.gl/LdLk22", source: https://www.tiktok.com/foryou?is_copy_url=1&is_from_webapp=v1&lang=en (0)
[40432:40432:0128/232554.751128:INFO:CONSOLE(0)] "Uncaught (in promise) AbortError: The play() request was interrupted by a call to pause(). https://goo.gl/LdLk22", source: https://www.tiktok.com/foryou?is_copy_url=1&is_from_webapp=v1&lang=en (0)
[40432:40432:0128/232559.615505:INFO:CONSOLE(0)] "Uncaught (in promise) AbortError: The play() request was interrupted by a call to pause(). https://goo.gl/LdLk22", source: https://www.tiktok.com/foryou?is_copy_url=1&is_from_webapp=v1&lang=en (0)
[40432:40432:0128/232604.401288:INFO:CONSOLE(0)] "Uncaught (in promise) AbortError: The play() request was interrupted by a call to pause(). https://goo.gl/LdLk22", source: https://www.tiktok.com/foryou?is_copy_url=1&is_from_webapp=v1&lang=en (0)
[40432:40432:0128/232605.246099:INFO:CONSOLE(0)] "Uncaught (in promise) AbortError: The play() request was interrupted by a call to pause(). https://goo.gl/LdLk22", source: https://www.tiktok.com/foryou?is_copy_url=1&is_from_webapp=v1&lang=en (0)
[40432:40432:0128/232608.357419:INFO:CONSOLE(0)] "Uncaught (in promise) AbortError: The play() request was interrupted by a call to pause(). https://goo.gl/LdLk22", source: https://www.tiktok.com/foryou?is_copy_url=1&is_from_webapp=v1&lang=en (0)
[40432:40432:0128/232611.906291:INFO:CONSOLE(0)] "Uncaught (in promise) AbortError: The play() request was interrupted by a call to pause(). https://goo.gl/LdLk22", source: https://www.tiktok.com/foryou?is_copy_url=1&is_from_webapp=v1&lang=en (0)
[40432:40432:0128/232616.476885:INFO:CONSOLE(0)] "Uncaught (in promise) AbortError: The play() request was interrupted by a call to pause(). https://goo.gl/LdLk22", source: https://www.tiktok.com/foryou?is_copy_url=1&is_from_webapp=v1&lang=en (0)
[40432:40432:0128/232619.259152:INFO:CONSOLE(0)] "Uncaught (in promise) AbortError: The play() request was interrupted by a call to pause(). https://goo.gl/LdLk22", source: https://www.tiktok.com/foryou?is_copy_url=1&is_from_webapp=v1&lang=en (0)
[40432:40432:0128/232623.908616:INFO:CONSOLE(0)] "Uncaught (in promise) AbortError: The play() request was interrupted by a call to pause(). https://goo.gl/LdLk22", source: https://www.tiktok.com/foryou?is_copy_url=1&is_from_webapp=v1&lang=en (0)
[40432:40432:0128/232630.298581:INFO:CONSOLE(0)] "Uncaught (in promise) AbortError: The play() request was interrupted by a call to pause(). https://goo.gl/LdLk22", source: https://www.tiktok.com/foryou?is_copy_url=1&is_from_webapp=v1&lang=en (0)
[40432:40432:0128/232630.811266:INFO:CONSOLE(0)] "Uncaught (in promise) AbortError: The play() request was interrupted by a call to pause(). https://goo.gl/LdLk22", source: https://www.tiktok.com/foryou?is_copy_url=1&is_from_webapp=v1&lang=en (0)
[40432:40432:0128/232635.313705:INFO:CONSOLE(0)] "Uncaught (in promise) AbortError: The play() request was interrupted by a call to pause(). https://goo.gl/LdLk22", source: https://www.tiktok.com/foryou?is_copy_url=1&is_from_webapp=v1&lang=en (0)
[40432:40432:0128/232650.077711:INFO:CONSOLE(0)] "Uncaught (in promise) AbortError: The play() request was interrupted by a call to pause(). https://goo.gl/LdLk22", source: https://www.tiktok.com/foryou?is_copy_url=1&is_from_webapp=v1&lang=en (0)
[40432:40432:0128/232655.310793:INFO:CONSOLE(0)] "Uncaught (in promise) AbortError: The play() request was interrupted by a call to pause(). https://goo.gl/LdLk22", source: https://www.tiktok.com/foryou?is_copy_url=1&is_from_webapp=v1&lang=en (0)
[40432:40432:0128/232658.455216:INFO:CONSOLE(0)] "Uncaught (in promise) AbortError: The play() request was interrupted by a call to pause(). https://goo.gl/LdLk22", source: https://www.tiktok.com/foryou?is_copy_url=1&is_from_webapp=v1&lang=en (0)
[40432:40432:0128/232701.072855:INFO:CONSOLE(0)] "Uncaught (in promise) AbortError: The play() request was interrupted by a call to pause(). https://goo.gl/LdLk22", source: https://www.tiktok.com/foryou?is_copy_url=1&is_from_webapp=v1&lang=en (0)
[40432:40432:0128/232704.618879:INFO:CONSOLE(0)] "Uncaught (in promise) AbortError: The play() request was interrupted by a call to pause(). https://goo.gl/LdLk22", source: https://www.tiktok.com/foryou?is_copy_url=1&is_from_webapp=v1&lang=en (0)
[40432:40432:0128/232709.115446:INFO:CONSOLE(0)] "Uncaught (in promise) AbortError: The play() request was interrupted by a call to pause(). https://goo.gl/LdLk22", source: https://www.tiktok.com/foryou?is_copy_url=1&is_from_webapp=v1&lang=en (0)
[40432:40432:0128/232711.911585:INFO:CONSOLE(0)] "Uncaught (in promise) AbortError: The play() request was interrupted by a call to pause(). https://goo.gl/LdLk22", source: https://www.tiktok.com/foryou?is_copy_url=1&is_from_webapp=v1&lang=en (0)
[40432:40432:0128/232715.511103:INFO:CONSOLE(0)] "Uncaught (in promise) AbortError: The play() request was interrupted by a call to pause(). https://goo.gl/LdLk22", source: https://www.tiktok.com/foryou?is_copy_url=1&is_from_webapp=v1&lang=en (0)
[40432:40432:0128/232721.633856:INFO:CONSOLE(0)] "Uncaught (in promise) AbortError: The play() request was interrupted by a call to pause(). https://goo.gl/LdLk22", source: https://www.tiktok.com/foryou?is_copy_url=1&is_from_webapp=v1&lang=en (0)
[40432:40432:0128/232722.206298:INFO:CONSOLE(0)] "Uncaught (in promise) AbortError: The play() request was interrupted by a call to pause(). https://goo.gl/LdLk22", source: https://www.tiktok.com/foryou?is_copy_url=1&is_from_webapp=v1&lang=en (0)
[40432:40432:0128/232724.840116:INFO:CONSOLE(0)] "Uncaught (in promise) AbortError: The play() request was interrupted by a call to pause(). https://goo.gl/LdLk22", source: https://www.tiktok.com/foryou?is_copy_url=1&is_from_webapp=v1&lang=en (0)
[40432:40432:0128/232727.399374:INFO:CONSOLE(0)] "Uncaught (in promise) AbortError: The play() request was interrupted by a call to pause(). https://goo.gl/LdLk22", source: https://www.tiktok.com/foryou?is_copy_url=1&is_from_webapp=v1&lang=en (0)
[40432:40432:0128/232731.868114:INFO:CONSOLE(0)] "Uncaught (in promise) AbortError: The play() request was interrupted by a call to pause(). https://goo.gl/LdLk22", source: https://www.tiktok.com/foryou?is_copy_url=1&is_from_webapp=v1&lang=en (0)
[40432:40432:0128/232739.185329:INFO:CONSOLE(0)] "Uncaught (in promise) AbortError: The play() request was interrupted by a call to pause(). https://goo.gl/LdLk22", source: https://www.tiktok.com/foryou?is_copy_url=1&is_from_webapp=v1&lang=en (0)
[40432:40432:0128/232742.872622:INFO:CONSOLE(0)] "Uncaught (in promise) AbortError: The play() request was interrupted by a call to pause(). https://goo.gl/LdLk22", source: https://www.tiktok.com/foryou?is_copy_url=1&is_from_webapp=v1&lang=en (0)
[40432:40432:0128/232757.967972:INFO:CONSOLE(0)] "Uncaught (in promise) AbortError: The play() request was interrupted by a call to pause(). https://goo.gl/LdLk22", source: https://www.tiktok.com/foryou?is_copy_url=1&is_from_webapp=v1&lang=en (0)
[40432:40432:0128/232759.409331:INFO:CONSOLE(0)] "Uncaught (in promise) AbortError: The play() request was interrupted by a call to pause(). https://goo.gl/LdLk22", source: https://www.tiktok.com/foryou?is_copy_url=1&is_from_webapp=v1&lang=en (0)
[40432:40432:0128/232803.930543:INFO:CONSOLE(0)] "Uncaught (in promise) AbortError: The play() request was interrupted by a call to pause(). https://goo.gl/LdLk22", source: https://www.tiktok.com/foryou?is_copy_url=1&is_from_webapp=v1&lang=en (0)
[40432:40432:0128/232809.333467:INFO:CONSOLE(0)] "Uncaught (in promise) AbortError: The play() request was interrupted by a call to pause(). https://goo.gl/LdLk22", source: https://www.tiktok.com/foryou?is_copy_url=1&is_from_webapp=v1&lang=en (0)
[40432:40432:0128/232812.138693:INFO:CONSOLE(0)] "Uncaught (in promise) AbortError: The play() request was interrupted by a call to pause(). https://goo.gl/LdLk22", source: https://www.tiktok.com/foryou?is_copy_url=1&is_from_webapp=v1&lang=en (0)
[40432:40432:0128/232815.443927:INFO:CONSOLE(0)] "Uncaught (in promise) AbortError: The play() request was interrupted by a call to pause(). https://goo.gl/LdLk22", source: https://www.tiktok.com/foryou?is_copy_url=1&is_from_webapp=v1&lang=en (0)
[40432:40432:0128/232821.758637:INFO:CONSOLE(0)] "Uncaught (in promise) AbortError: The play() request was interrupted by a call to pause(). https://goo.gl/LdLk22", source: https://www.tiktok.com/foryou?is_copy_url=1&is_from_webapp=v1&lang=en (0)
[40432:40432:0128/232825.295286:INFO:CONSOLE(0)] "Uncaught (in promise) AbortError: The play() request was interrupted by a call to pause(). https://goo.gl/LdLk22", source: https://www.tiktok.com/foryou?is_copy_url=1&is_from_webapp=v1&lang=en (0)
[40432:40432:0128/232833.869641:INFO:CONSOLE(0)] "Uncaught (in promise) AbortError: The play() request was interrupted by a call to pause(). https://goo.gl/LdLk22", source: https://www.tiktok.com/foryou?is_copy_url=1&is_from_webapp=v1&lang=en (0)
[40432:40432:0128/232834.799729:INFO:CONSOLE(0)] "Uncaught (in promise) AbortError: The play() request was interrupted by a call to pause(). https://goo.gl/LdLk22", source: https://www.tiktok.com/foryou?is_copy_url=1&is_from_webapp=v1&lang=en (0)
[40432:40432:0128/232844.184461:INFO:CONSOLE(0)] "Uncaught (in promise) AbortError: The play() request was interrupted by a call to pause(). https://goo.gl/LdLk22", source: https://www.tiktok.com/foryou?is_copy_url=1&is_from_webapp=v1&lang=en (0)
[40432:40432:0128/232845.140041:INFO:CONSOLE(0)] "Uncaught (in promise) AbortError: The play() request was interrupted by a call to pause(). https://goo.gl/LdLk22", source: https://www.tiktok.com/foryou?is_copy_url=1&is_from_webapp=v1&lang=en (0)
[40432:40432:0128/232847.945132:INFO:CONSOLE(0)] "Uncaught (in promise) AbortError: The play() request was interrupted by a call to pause(). https://goo.gl/LdLk22", source: https://www.tiktok.com/foryou?is_copy_url=1&is_from_webapp=v1&lang=en (0)
[40432:40432:0128/232853.374325:INFO:CONSOLE(0)] "Uncaught (in promise) AbortError: The play() request was interrupted by a call to pause(). https://goo.gl/LdLk22", source: https://www.tiktok.com/foryou?is_copy_url=1&is_from_webapp=v1&lang=en (0)
[40432:40432:0128/232903.196521:INFO:CONSOLE(0)] "Uncaught (in promise) AbortError: The play() request was interrupted by a call to pause(). https://goo.gl/LdLk22", source: https://www.tiktok.com/foryou?is_copy_url=1&is_from_webapp=v1&lang=en (0)
[40432:40432:0128/232904.202595:INFO:CONSOLE(0)] "Uncaught (in promise) AbortError: The play() request was interrupted by a call to pause(). https://goo.gl/LdLk22", source: https://www.tiktok.com/foryou?is_copy_url=1&is_from_webapp=v1&lang=en (0)
[40432:40432:0128/232908.296000:INFO:CONSOLE(0)] "Uncaught (in promise) AbortError: The play() request was interrupted by a call to pause(). https://goo.gl/LdLk22", source: https://www.tiktok.com/foryou?is_copy_url=1&is_from_webapp=v1&lang=en (0)
[40432:40432:0128/232911.894201:INFO:CONSOLE(0)] "Uncaught (in promise) AbortError: The play() request was interrupted by a call to pause(). https://goo.gl/LdLk22", source: https://www.tiktok.com/foryou?is_copy_url=1&is_from_webapp=v1&lang=en (0)
[40432:40432:0128/232914.796614:INFO:CONSOLE(0)] "Uncaught (in promise) AbortError: The play() request was interrupted by a call to pause(). https://goo.gl/LdLk22", source: https://www.tiktok.com/foryou?is_copy_url=1&is_from_webapp=v1&lang=en (0)
[40432:40432:0128/232921.086466:INFO:CONSOLE(0)] "Uncaught (in promise) AbortError: The play() request was interrupted by a call to pause(). https://goo.gl/LdLk22", source: https://www.tiktok.com/foryou?is_copy_url=1&is_from_webapp=v1&lang=en (0)
[40432:40432:0128/232922.083083:INFO:CONSOLE(0)] "Uncaught (in promise) AbortError: The play() request was interrupted by a call to pause(). https://goo.gl/LdLk22", source: https://www.tiktok.com/foryou?is_copy_url=1&is_from_webapp=v1&lang=en (0)
[40432:40432:0128/232926.953520:INFO:CONSOLE(0)] "Uncaught (in promise) AbortError: The play() request was interrupted by a call to pause(). https://goo.gl/LdLk22", source: https://www.tiktok.com/foryou?is_copy_url=1&is_from_webapp=v1&lang=en (0)
[40432:40432:0128/232930.584898:INFO:CONSOLE(0)] "Uncaught (in promise) AbortError: The play() request was interrupted by a call to pause(). https://goo.gl/LdLk22", source: https://www.tiktok.com/foryou?is_copy_url=1&is_from_webapp=v1&lang=en (0)
[40432:40432:0128/232935.342558:INFO:CONSOLE(0)] "Uncaught (in promise) AbortError: The play() request was interrupted by a call to pause(). https://goo.gl/LdLk22", source: https://www.tiktok.com/foryou?is_copy_url=1&is_from_webapp=v1&lang=en (0)
[40432:40432:0128/232939.511021:INFO:CONSOLE(0)] "Uncaught (in promise) AbortError: The play() request was interrupted by a call to pause(). https://goo.gl/LdLk22", source: https://www.tiktok.com/foryou?is_copy_url=1&is_from_webapp=v1&lang=en (0)
[40432:40432:0128/232942.928517:INFO:CONSOLE(0)] "Uncaught (in promise) AbortError: The play() request was interrupted by a call to pause(). https://goo.gl/LdLk22", source: https://www.tiktok.com/foryou?is_copy_url=1&is_from_webapp=v1&lang=en (0)
[40432:40432:0128/232948.160887:INFO:CONSOLE(0)] "Uncaught (in promise) AbortError: The play() request was interrupted by a call to pause(). https://goo.gl/LdLk22", source: https://www.tiktok.com/foryou?is_copy_url=1&is_from_webapp=v1&lang=en (0)
[40432:40432:0128/232949.136686:INFO:CONSOLE(0)] "Uncaught (in promise) AbortError: The play() request was interrupted by a call to pause(). https://goo.gl/LdLk22", source: https://www.tiktok.com/foryou?is_copy_url=1&is_from_webapp=v1&lang=en (0)
[40432:40432:0128/232953.570941:INFO:CONSOLE(0)] "Uncaught (in promise) AbortError: The play() request was interrupted by a call to pause(). https://goo.gl/LdLk22", source: https://www.tiktok.com/foryou?is_copy_url=1&is_from_webapp=v1&lang=en (0)
[40432:40432:0128/233001.659630:INFO:CONSOLE(0)] "Uncaught (in promise) AbortError: The play() request was interrupted by a call to pause(). https://goo.gl/LdLk22", source: https://www.tiktok.com/foryou?is_copy_url=1&is_from_webapp=v1&lang=en (0)
[40432:40432:0128/233004.532910:INFO:CONSOLE(0)] "Uncaught (in promise) AbortError: The play() request was interrupted by a call to pause(). https://goo.gl/LdLk22", source: https://www.tiktok.com/foryou?is_copy_url=1&is_from_webapp=v1&lang=en (0)
[40432:40432:0128/233007.002267:INFO:CONSOLE(0)] "Uncaught (in promise) AbortError: The play() request was interrupted by a call to pause(). https://goo.gl/LdLk22", source: https://www.tiktok.com/foryou?is_copy_url=1&is_from_webapp=v1&lang=en (0)
[40432:40432:0128/233009.697691:INFO:CONSOLE(0)] "Uncaught (in promise) AbortError: The play() request was interrupted by a call to pause(). https://goo.gl/LdLk22", source: https://www.tiktok.com/foryou?is_copy_url=1&is_from_webapp=v1&lang=en (0)
[40432:40432:0128/233025.139102:INFO:CONSOLE(0)] "Uncaught (in promise) AbortError: The play() request was interrupted by a call to pause(). https://goo.gl/LdLk22", source: https://www.tiktok.com/foryou?is_copy_url=1&is_from_webapp=v1&lang=en (0)
[40432:40432:0128/233028.819962:INFO:CONSOLE(0)] "Uncaught (in promise) AbortError: The play() request was interrupted by a call to pause(). https://goo.gl/LdLk22", source: https://www.tiktok.com/foryou?is_copy_url=1&is_from_webapp=v1&lang=en (0)
[40432:40432:0128/233032.498444:INFO:CONSOLE(0)] "Uncaught (in promise) AbortError: The play() request was interrupted by a call to pause(). https://goo.gl/LdLk22", source: https://www.tiktok.com/foryou?is_copy_url=1&is_from_webapp=v1&lang=en (0)
[40432:40432:0128/233037.216793:INFO:CONSOLE(0)] "Uncaught (in promise) AbortError: The play() request was interrupted by a call to pause(). https://goo.gl/LdLk22", source: https://www.tiktok.com/foryou?is_copy_url=1&is_from_webapp=v1&lang=en (0)
[40432:40432:0128/233040.907713:INFO:CONSOLE(0)] "Uncaught (in promise) AbortError: The play() request was interrupted by a call to pause(). https://goo.gl/LdLk22", source: https://www.tiktok.com/foryou?is_copy_url=1&is_from_webapp=v1&lang=en (0)
[40432:40432:0128/233044.562177:INFO:CONSOLE(0)] "Uncaught (in promise) AbortError: The play() request was interrupted by a call to pause(). https://goo.gl/LdLk22", source: https://www.tiktok.com/foryou?is_copy_url=1&is_from_webapp=v1&lang=en (0)
[40432:40432:0128/233047.626855:INFO:CONSOLE(0)] "Uncaught (in promise) AbortError: The play() request was interrupted by a call to pause(). https://goo.gl/LdLk22", source: https://www.tiktok.com/foryou?is_copy_url=1&is_from_webapp=v1&lang=en (0)
[40432:40432:0128/233053.798574:INFO:CONSOLE(0)] "Uncaught (in promise) AbortError: The play() request was interrupted by a call to pause(). https://goo.gl/LdLk22", source: https://www.tiktok.com/foryou?is_copy_url=1&is_from_webapp=v1&lang=en (0)
[40432:40432:0128/233055.740003:INFO:CONSOLE(0)] "Uncaught (in promise) AbortError: The play() request was interrupted by a call to pause(). https://goo.gl/LdLk22", source: https://www.tiktok.com/foryou?is_copy_url=1&is_from_webapp=v1&lang=en (0)
[40432:40432:0128/233059.271129:INFO:CONSOLE(0)] "Uncaught (in promise) AbortError: The play() request was interrupted by a call to pause(). https://goo.gl/LdLk22", source: https://www.tiktok.com/foryou?is_copy_url=1&is_from_webapp=v1&lang=en (0)
[40432:40432:0128/233104.347126:INFO:CONSOLE(0)] "Uncaught (in promise) AbortError: The play() request was interrupted by a call to pause(). https://goo.gl/LdLk22", source: https://www.tiktok.com/foryou?is_copy_url=1&is_from_webapp=v1&lang=en (0)
[40432:40432:0128/233113.706901:INFO:CONSOLE(0)] "Uncaught (in promise) AbortError: The play() request was interrupted by a call to pause(). https://goo.gl/LdLk22", source: https://www.tiktok.com/foryou?is_copy_url=1&is_from_webapp=v1&lang=en (0)
[40432:40432:0128/233118.381866:INFO:CONSOLE(0)] "Uncaught (in promise) NotSupportedError: Failed to load because no supported source was found.", source: https://www.tiktok.com/foryou?is_copy_url=1&is_from_webapp=v1&lang=en (0)
[40432:40432:0128/233122.023909:INFO:CONSOLE(0)] "Uncaught (in promise) NotSupportedError: Failed to load because no supported source was found.", source: https://www.tiktok.com/foryou?is_copy_url=1&is_from_webapp=v1&lang=en (0)
[40432:40432:0128/233125.029290:INFO:CONSOLE(0)] "Uncaught (in promise) NotSupportedError: Failed to load because no supported source was found.", source: https://www.tiktok.com/foryou?is_copy_url=1&is_from_webapp=v1&lang=en (0)
[40432:40432:0128/233131.541198:INFO:CONSOLE(0)] "Uncaught (in promise) NotSupportedError: Failed to load because no supported source was found.", source: https://www.tiktok.com/foryou?is_copy_url=1&is_from_webapp=v1&lang=en (0)
[40432:40432:0128/233132.589555:INFO:CONSOLE(0)] "Uncaught (in promise) NotSupportedError: Failed to load because no supported source was found.", source: https://www.tiktok.com/foryou?is_copy_url=1&is_from_webapp=v1&lang=en (0)
[40432:40432:0128/233138.614040:INFO:CONSOLE(0)] "Uncaught (in promise) NotSupportedError: Failed to load because no supported source was found.", source: https://www.tiktok.com/foryou?is_copy_url=1&is_from_webapp=v1&lang=en (0)
[40432:40432:0128/233139.620051:INFO:CONSOLE(0)] "Uncaught (in promise) NotSupportedError: Failed to load because no supported source was found.", source: https://www.tiktok.com/foryou?is_copy_url=1&is_from_webapp=v1&lang=en (0)
[40432:40432:0128/233142.738810:INFO:CONSOLE(0)] "Uncaught (in promise) NotSupportedError: Failed to load because no supported source was found.", source: https://www.tiktok.com/foryou?is_copy_url=1&is_from_webapp=v1&lang=en (0)
[40432:40432:0128/233148.375152:INFO:CONSOLE(0)] "Uncaught (in promise) NotSupportedError: Failed to load because no supported source was found.", source: https://www.tiktok.com/foryou?is_copy_url=1&is_from_webapp=v1&lang=en (0)
[40432:40432:0128/233148.867122:INFO:CONSOLE(0)] "Uncaught (in promise) NotSupportedError: Failed to load because no supported source was found.", source: https://www.tiktok.com/foryou?is_copy_url=1&is_from_webapp=v1&lang=en (0)
[40432:40432:0128/233152.550429:INFO:CONSOLE(0)] "Uncaught (in promise) NotSupportedError: Failed to load because no supported source was found.", source: https://www.tiktok.com/foryou?is_copy_url=1&is_from_webapp=v1&lang=en (0)
[40432:40432:0128/233155.984904:INFO:CONSOLE(0)] "Uncaught (in promise) NotSupportedError: Failed to load because no supported source was found.", source: https://www.tiktok.com/foryou?is_copy_url=1&is_from_webapp=v1&lang=en (0)
[40432:40432:0128/233159.062683:INFO:CONSOLE(0)] "Uncaught (in promise) NotSupportedError: Failed to load because no supported source was found.", source: https://www.tiktok.com/foryou?is_copy_url=1&is_from_webapp=v1&lang=en (0)
[40432:40432:0128/233202.224714:INFO:CONSOLE(0)] "Uncaught (in promise) NotSupportedError: Failed to load because no supported source was found.", source: https://www.tiktok.com/foryou?is_copy_url=1&is_from_webapp=v1&lang=en (0)
[40432:40432:0128/233205.427289:INFO:CONSOLE(0)] "Uncaught (in promise) NotSupportedError: Failed to load because no supported source was found.", source: https://www.tiktok.com/foryou?is_copy_url=1&is_from_webapp=v1&lang=en (0)
[40432:40432:0128/233210.436189:INFO:CONSOLE(0)] "Uncaught (in promise) NotSupportedError: Failed to load because no supported source was found.", source: https://www.tiktok.com/foryou?is_copy_url=1&is_from_webapp=v1&lang=en (0)
[40432:40432:0128/233216.167708:INFO:CONSOLE(0)] "Uncaught (in promise) NotSupportedError: Failed to load because no supported source was found.", source: https://www.tiktok.com/foryou?is_copy_url=1&is_from_webapp=v1&lang=en (0)
[40432:40432:0128/233217.109541:INFO:CONSOLE(0)] "Uncaught (in promise) NotSupportedError: Failed to load because no supported source was found.", source: https://www.tiktok.com/foryou?is_copy_url=1&is_from_webapp=v1&lang=en (0)
[40432:40432:0128/233220.164207:INFO:CONSOLE(0)] "Uncaught (in promise) NotSupportedError: Failed to load because no supported source was found.", source: https://www.tiktok.com/foryou?is_copy_url=1&is_from_webapp=v1&lang=en (0)
[40432:40432:0128/233223.087768:INFO:CONSOLE(0)] "Uncaught (in promise) NotSupportedError: Failed to load because no supported source was found.", source: https://www.tiktok.com/foryou?is_copy_url=1&is_from_webapp=v1&lang=en (0)
[40476:40498:0128/234014.582118:ERROR:broker_posix.cc(40)] Recvmsg error: Connection reset by peer (104)
